[Tue Nov 21 14:49:56.836323 2023] [ssl:warn] [pid 7184:tid 184] AH01909: www.example.com:443:0 server certificate does NOT include an ID which matches the server name
[Tue Nov 21 14:49:56.918471 2023] [ssl:warn] [pid 7184:tid 184] AH01909: www.example.com:443:0 server certificate does NOT include an ID which matches the server name
[Tue Nov 21 14:49:57.071669 2023] [mpm_winnt:notice] [pid 7184:tid 184] AH00455: Apache/2.4.56 (Win64) OpenSSL/1.1.1t PHP/8.2.4 configured -- resuming normal operations
[Tue Nov 21 14:49:57.071669 2023] [mpm_winnt:notice] [pid 7184:tid 184] AH00456: Apache Lounge VS16 Server built: Mar  7 2023 13:21:03
[Tue Nov 21 14:49:57.071669 2023] [core:notice] [pid 7184:tid 184] AH00094: Command line: 'C:\\xampp\\apache\\bin\\httpd.exe -d C:/xampp/apache'
[Tue Nov 21 14:49:57.095660 2023] [mpm_winnt:notice] [pid 7184:tid 184] AH00418: Parent: Created child process 20712
[Tue Nov 21 14:49:59.128709 2023] [ssl:warn] [pid 20712:tid 360] AH01909: www.example.com:443:0 server certificate does NOT include an ID which matches the server name
[Tue Nov 21 14:49:59.193382 2023] [ssl:warn] [pid 20712:tid 360] AH01909: www.example.com:443:0 server certificate does NOT include an ID which matches the server name
[Tue Nov 21 14:49:59.321275 2023] [mpm_winnt:notice] [pid 20712:tid 360] AH00354: Child: Starting 150 worker threads.
[Tue Nov 21 14:53:26.646049 2023] [ssl:warn] [pid 20904:tid 352] AH01909: www.example.com:443:0 server certificate does NOT include an ID which matches the server name
[Tue Nov 21 14:53:26.746219 2023] [ssl:warn] [pid 20904:tid 352] AH01909: www.example.com:443:0 server certificate does NOT include an ID which matches the server name
[Tue Nov 21 14:53:26.866531 2023] [mpm_winnt:notice] [pid 20904:tid 352] AH00455: Apache/2.4.56 (Win64) OpenSSL/1.1.1t PHP/8.2.4 configured -- resuming normal operations
[Tue Nov 21 14:53:26.866531 2023] [mpm_winnt:notice] [pid 20904:tid 352] AH00456: Apache Lounge VS16 Server built: Mar  7 2023 13:21:03
[Tue Nov 21 14:53:26.866531 2023] [core:notice] [pid 20904:tid 352] AH00094: Command line: 'c:\\xampp\\apache\\bin\\httpd.exe -d C:/xampp/apache'
[Tue Nov 21 14:53:26.882980 2023] [mpm_winnt:notice] [pid 20904:tid 352] AH00418: Parent: Created child process 24392
[Tue Nov 21 14:53:28.788391 2023] [ssl:warn] [pid 24392:tid 352] AH01909: www.example.com:443:0 server certificate does NOT include an ID which matches the server name
[Tue Nov 21 14:53:28.882037 2023] [ssl:warn] [pid 24392:tid 352] AH01909: www.example.com:443:0 server certificate does NOT include an ID which matches the server name
[Tue Nov 21 14:53:29.020426 2023] [mpm_winnt:notice] [pid 24392:tid 352] AH00354: Child: Starting 150 worker threads.
[Tue Nov 21 15:24:59.143288 2023] [ssl:warn] [pid 24624:tid 180] AH01909: www.example.com:443:0 server certificate does NOT include an ID which matches the server name
[Tue Nov 21 15:24:59.316173 2023] [core:warn] [pid 24624:tid 180] AH00098: pid file C:/xampp/apache/logs/httpd.pid overwritten -- Unclean shutdown of previous Apache run?
[Tue Nov 21 15:24:59.333626 2023] [ssl:warn] [pid 24624:tid 180] AH01909: www.example.com:443:0 server certificate does NOT include an ID which matches the server name
[Tue Nov 21 15:24:59.459681 2023] [mpm_winnt:notice] [pid 24624:tid 180] AH00455: Apache/2.4.56 (Win64) OpenSSL/1.1.1t PHP/8.2.4 configured -- resuming normal operations
[Tue Nov 21 15:24:59.459681 2023] [mpm_winnt:notice] [pid 24624:tid 180] AH00456: Apache Lounge VS16 Server built: Mar  7 2023 13:21:03
[Tue Nov 21 15:24:59.459681 2023] [core:notice] [pid 24624:tid 180] AH00094: Command line: 'c:\\xampp\\apache\\bin\\httpd.exe -d C:/xampp/apache'
[Tue Nov 21 15:24:59.459681 2023] [mpm_winnt:notice] [pid 24624:tid 180] AH00418: Parent: Created child process 26364
[Tue Nov 21 15:25:01.608764 2023] [ssl:warn] [pid 26364:tid 368] AH01909: www.example.com:443:0 server certificate does NOT include an ID which matches the server name
[Tue Nov 21 15:25:01.676602 2023] [ssl:warn] [pid 26364:tid 368] AH01909: www.example.com:443:0 server certificate does NOT include an ID which matches the server name
[Tue Nov 21 15:25:01.792802 2023] [mpm_winnt:notice] [pid 26364:tid 368] AH00354: Child: Starting 150 worker threads.
[Thu Nov 23 13:58:47.757857 2023] [ssl:warn] [pid 14964:tid 340] AH01909: www.example.com:443:0 server certificate does NOT include an ID which matches the server name
[Thu Nov 23 13:58:47.812115 2023] [core:warn] [pid 14964:tid 340] AH00098: pid file C:/xampp/apache/logs/httpd.pid overwritten -- Unclean shutdown of previous Apache run?
[Thu Nov 23 13:58:47.815279 2023] [ssl:warn] [pid 14964:tid 340] AH01909: www.example.com:443:0 server certificate does NOT include an ID which matches the server name
[Thu Nov 23 13:58:48.309269 2023] [mpm_winnt:notice] [pid 14964:tid 340] AH00455: Apache/2.4.56 (Win64) OpenSSL/1.1.1t PHP/8.2.4 configured -- resuming normal operations
[Thu Nov 23 13:58:48.309269 2023] [mpm_winnt:notice] [pid 14964:tid 340] AH00456: Apache Lounge VS16 Server built: Mar  7 2023 13:21:03
[Thu Nov 23 13:58:48.309269 2023] [core:notice] [pid 14964:tid 340] AH00094: Command line: 'c:\\xampp\\apache\\bin\\httpd.exe -d C:/xampp/apache'
[Thu Nov 23 13:58:48.309269 2023] [mpm_winnt:notice] [pid 14964:tid 340] AH00418: Parent: Created child process 3876
[Thu Nov 23 13:58:49.737569 2023] [ssl:warn] [pid 3876:tid 356] AH01909: www.example.com:443:0 server certificate does NOT include an ID which matches the server name
[Thu Nov 23 13:58:49.784339 2023] [ssl:warn] [pid 3876:tid 356] AH01909: www.example.com:443:0 server certificate does NOT include an ID which matches the server name
[Thu Nov 23 13:58:49.883101 2023] [mpm_winnt:notice] [pid 3876:tid 356] AH00354: Child: Starting 150 worker threads.
[Thu Nov 23 14:22:10.633787 2023] [php:error] [pid 3876:tid 1904] [client ::1:50629] PHP Parse error:  syntax error, unexpected identifier "fruit" in C:\\xampp\\htdocs\\fruit_mysql.php on line 9
[Thu Nov 23 14:23:09.983295 2023] [php:error] [pid 3876:tid 1924] [client ::1:50630] PHP Parse error:  syntax error, unexpected identifier "fruit" in C:\\xampp\\htdocs\\fruit_mysql.php on line 9
[Thu Nov 23 14:23:10.573946 2023] [php:error] [pid 3876:tid 1924] [client ::1:50630] PHP Parse error:  syntax error, unexpected identifier "fruit" in C:\\xampp\\htdocs\\fruit_mysql.php on line 9
[Thu Nov 23 14:25:09.764810 2023] [php:error] [pid 3876:tid 1924] [client ::1:50640] PHP Fatal error:  Uncaught mysqli_sql_exception: Access denied for user 'phpadmin1'@'localhost' (using password: YES) in C:\\xampp\\htdocs\\fruit_mysql.php:4\nStack trace:\n#0 C:\\xampp\\htdocs\\fruit_mysql.php(4): mysqli_connect('localhost', 'phpadmin1', Object(SensitiveParameterValue), 'goods')\n#1 {main}\n  thrown in C:\\xampp\\htdocs\\fruit_mysql.php on line 4
[Thu Nov 23 14:25:29.639676 2023] [php:error] [pid 3876:tid 1904] [client ::1:50639] PHP Fatal error:  Uncaught mysqli_sql_exception: Access denied for user 'phpadmin1'@'localhost' (using password: YES) in C:\\xampp\\htdocs\\fruit_mysql.php:4\nStack trace:\n#0 C:\\xampp\\htdocs\\fruit_mysql.php(4): mysqli_connect('localhost', 'phpadmin1', Object(SensitiveParameterValue), 'goods')\n#1 {main}\n  thrown in C:\\xampp\\htdocs\\fruit_mysql.php on line 4
[Thu Nov 23 14:25:35.935397 2023] [php:error] [pid 3876:tid 1924] [client ::1:50642] PHP Fatal error:  Uncaught ArgumentCountError: mysqli_query() expects at least 2 arguments, 1 given in C:\\xampp\\htdocs\\fruit_mysql.php:10\nStack trace:\n#0 C:\\xampp\\htdocs\\fruit_mysql.php(10): mysqli_query('select * from f...')\n#1 {main}\n  thrown in C:\\xampp\\htdocs\\fruit_mysql.php on line 10
[Thu Nov 23 14:34:35.256040 2023] [php:error] [pid 3876:tid 1904] [client ::1:50777] PHP Parse error:  syntax error, unexpected string content "\xec\x9e\x85\xeb\xa0\xa5\xeb\x90\x98\xec\xa7\x80 \xec\x95\x8a\xec\x95\x98\xec\x8a\xb5\xeb\x8b\x88\xeb\x8b\xa4.<..." in C:\\xampp\\htdocs\\fruit2.php on line 16, referer: http://localhost/fruit1.php
[Thu Nov 23 14:34:47.511696 2023] [php:error] [pid 3876:tid 1924] [client ::1:50778] PHP Fatal error:  Uncaught mysqli_sql_exception: Access denied for user 'root'@'localhost' (using password: YES) in C:\\xampp\\htdocs\\fruit2.php:4\nStack trace:\n#0 C:\\xampp\\htdocs\\fruit2.php(4): mysqli_connect('localhost', 'root', Object(SensitiveParameterValue), 'goods')\n#1 {main}\n  thrown in C:\\xampp\\htdocs\\fruit2.php on line 4, referer: http://localhost/fruit1.php
[Thu Nov 23 14:35:04.026108 2023] [php:error] [pid 3876:tid 1904] [client ::1:50784] PHP Fatal error:  Uncaught ArgumentCountError: mysqli_query() expects at least 2 arguments, 1 given in C:\\xampp\\htdocs\\fruit2.php:12\nStack trace:\n#0 C:\\xampp\\htdocs\\fruit2.php(12): mysqli_query('INSERT INTO fru...')\n#1 {main}\n  thrown in C:\\xampp\\htdocs\\fruit2.php on line 12, referer: http://localhost/fruit1.php
[Thu Nov 23 14:35:10.103089 2023] [php:error] [pid 3876:tid 1924] [client ::1:50794] PHP Fatal error:  Uncaught ArgumentCountError: mysqli_query() expects at least 2 arguments, 1 given in C:\\xampp\\htdocs\\fruit2.php:12\nStack trace:\n#0 C:\\xampp\\htdocs\\fruit2.php(12): mysqli_query('INSERT INTO fru...')\n#1 {main}\n  thrown in C:\\xampp\\htdocs\\fruit2.php on line 12, referer: http://localhost/fruit1.php
[Thu Nov 23 14:38:17.278131 2023] [php:error] [pid 3876:tid 1904] [client ::1:50931] PHP Fatal error:  Uncaught ArgumentCountError: mysqli_query() expects at least 2 arguments, 1 given in C:\\xampp\\htdocs\\fruit2.php:12\nStack trace:\n#0 C:\\xampp\\htdocs\\fruit2.php(12): mysqli_query('INSERT INTO fru...')\n#1 {main}\n  thrown in C:\\xampp\\htdocs\\fruit2.php on line 12, referer: http://localhost/fruit1.php
[Fri Nov 24 15:26:26.819878 2023] [ssl:warn] [pid 23200:tid 368] AH01909: www.example.com:443:0 server certificate does NOT include an ID which matches the server name
[Fri Nov 24 15:26:26.866148 2023] [core:warn] [pid 23200:tid 368] AH00098: pid file C:/xampp/apache/logs/httpd.pid overwritten -- Unclean shutdown of previous Apache run?
[Fri Nov 24 15:26:26.866148 2023] [ssl:warn] [pid 23200:tid 368] AH01909: www.example.com:443:0 server certificate does NOT include an ID which matches the server name
[Fri Nov 24 15:26:27.277609 2023] [mpm_winnt:notice] [pid 23200:tid 368] AH00455: Apache/2.4.56 (Win64) OpenSSL/1.1.1t PHP/8.2.4 configured -- resuming normal operations
[Fri Nov 24 15:26:27.277609 2023] [mpm_winnt:notice] [pid 23200:tid 368] AH00456: Apache Lounge VS16 Server built: Mar  7 2023 13:21:03
[Fri Nov 24 15:26:27.277609 2023] [core:notice] [pid 23200:tid 368] AH00094: Command line: 'c:\\xampp\\apache\\bin\\httpd.exe -d C:/xampp/apache'
[Fri Nov 24 15:26:27.284436 2023] [mpm_winnt:notice] [pid 23200:tid 368] AH00418: Parent: Created child process 2472
[Fri Nov 24 15:26:28.810128 2023] [ssl:warn] [pid 2472:tid 392] AH01909: www.example.com:443:0 server certificate does NOT include an ID which matches the server name
[Fri Nov 24 15:26:28.857418 2023] [ssl:warn] [pid 2472:tid 392] AH01909: www.example.com:443:0 server certificate does NOT include an ID which matches the server name
[Fri Nov 24 15:26:28.952044 2023] [mpm_winnt:notice] [pid 2472:tid 392] AH00354: Child: Starting 150 worker threads.
[Sat Nov 25 22:13:13.827734 2023] [ssl:warn] [pid 25952:tid 376] AH01909: www.example.com:443:0 server certificate does NOT include an ID which matches the server name
[Sat Nov 25 22:13:13.874329 2023] [core:warn] [pid 25952:tid 376] AH00098: pid file C:/xampp/apache/logs/httpd.pid overwritten -- Unclean shutdown of previous Apache run?
[Sat Nov 25 22:13:13.890921 2023] [ssl:warn] [pid 25952:tid 376] AH01909: www.example.com:443:0 server certificate does NOT include an ID which matches the server name
[Sat Nov 25 22:13:14.320569 2023] [mpm_winnt:notice] [pid 25952:tid 376] AH00455: Apache/2.4.56 (Win64) OpenSSL/1.1.1t PHP/8.2.4 configured -- resuming normal operations
[Sat Nov 25 22:13:14.320569 2023] [mpm_winnt:notice] [pid 25952:tid 376] AH00456: Apache Lounge VS16 Server built: Mar  7 2023 13:21:03
[Sat Nov 25 22:13:14.320569 2023] [core:notice] [pid 25952:tid 376] AH00094: Command line: 'c:\\xampp\\apache\\bin\\httpd.exe -d C:/xampp/apache'
[Sat Nov 25 22:13:14.335680 2023] [mpm_winnt:notice] [pid 25952:tid 376] AH00418: Parent: Created child process 18552
[Sat Nov 25 22:13:15.718092 2023] [ssl:warn] [pid 18552:tid 360] AH01909: www.example.com:443:0 server certificate does NOT include an ID which matches the server name
[Sat Nov 25 22:13:15.765602 2023] [ssl:warn] [pid 18552:tid 360] AH01909: www.example.com:443:0 server certificate does NOT include an ID which matches the server name
[Sat Nov 25 22:13:15.876959 2023] [mpm_winnt:notice] [pid 18552:tid 360] AH00354: Child: Starting 150 worker threads.
[Sat Nov 25 22:14:35.182932 2023] [php:error] [pid 18552:tid 1932] [client ::1:55338] PHP Fatal error:  Uncaught mysqli_sql_exception: Access denied for user 'phpadmin1'@'localhost' (using password: YES) in C:\\xampp\\htdocs\\read.php:29\nStack trace:\n#0 C:\\xampp\\htdocs\\read.php(29): mysqli_connect('localhost', 'phpadmin1', Object(SensitiveParameterValue), 'project')\n#1 {main}\n  thrown in C:\\xampp\\htdocs\\read.php on line 29
[Sat Nov 25 22:15:12.910679 2023] [php:warn] [pid 18552:tid 1952] [client ::1:55347] PHP Warning:  Undefined variable $page in C:\\xampp\\htdocs\\read.php on line 106
[Sat Nov 25 22:15:12.910679 2023] [php:warn] [pid 18552:tid 1952] [client ::1:55347] PHP Warning:  Undefined variable $page in C:\\xampp\\htdocs\\read.php on line 108
[Sat Nov 25 22:16:15.611774 2023] [php:warn] [pid 18552:tid 1932] [client ::1:55368] PHP Warning:  Undefined variable $page in C:\\xampp\\htdocs\\read.php on line 106
[Sat Nov 25 22:16:15.611774 2023] [php:warn] [pid 18552:tid 1932] [client ::1:55368] PHP Warning:  Undefined variable $page in C:\\xampp\\htdocs\\read.php on line 108
[Sat Nov 25 22:16:20.819378 2023] [php:warn] [pid 18552:tid 1952] [client ::1:55370] PHP Warning:  Undefined variable $page in C:\\xampp\\htdocs\\read.php on line 106
[Sat Nov 25 22:16:20.819378 2023] [php:warn] [pid 18552:tid 1952] [client ::1:55370] PHP Warning:  Undefined variable $page in C:\\xampp\\htdocs\\read.php on line 108
[Sat Nov 25 22:21:10.071341 2023] [php:warn] [pid 18552:tid 1932] [client ::1:55513] PHP Warning:  Undefined variable $username in C:\\xampp\\htdocs\\login_index.php on line 14
[Sat Nov 25 22:21:10.071341 2023] [php:warn] [pid 18552:tid 1932] [client ::1:55513] PHP Warning:  Undefined variable $name in C:\\xampp\\htdocs\\login_index.php on line 14
[Sat Nov 25 22:21:10.101530 2023] [php:error] [pid 18552:tid 1932] [client ::1:55513] script 'C:/xampp/htdocs/login.php' not found or unable to stat, referer: http://localhost/login_index.php
[Sat Nov 25 22:21:18.621084 2023] [php:warn] [pid 18552:tid 1952] [client ::1:55514] PHP Warning:  Undefined variable $username in C:\\xampp\\htdocs\\login_index.php on line 14
[Sat Nov 25 22:21:18.624112 2023] [php:warn] [pid 18552:tid 1952] [client ::1:55514] PHP Warning:  Undefined variable $name in C:\\xampp\\htdocs\\login_index.php on line 14
[Sat Nov 25 22:21:18.638154 2023] [php:error] [pid 18552:tid 1952] [client ::1:55514] script 'C:/xampp/htdocs/login.php' not found or unable to stat, referer: http://localhost/login_index.php
[Sat Nov 25 22:21:28.215637 2023] [php:error] [pid 18552:tid 1932] [client ::1:55517] PHP Fatal error:  Uncaught mysqli_sql_exception: Access denied for user 'phpadmin1'@'localhost' (using password: YES) in C:\\xampp\\htdocs\\fruit_mysql.php:4\nStack trace:\n#0 C:\\xampp\\htdocs\\fruit_mysql.php(4): mysqli_connect('localhost', 'phpadmin1', Object(SensitiveParameterValue), 'goods')\n#1 {main}\n  thrown in C:\\xampp\\htdocs\\fruit_mysql.php on line 4
[Sat Nov 25 22:22:10.105980 2023] [php:error] [pid 18552:tid 1952] [client ::1:55518] PHP Fatal error:  Uncaught mysqli_sql_exception: Access denied for user 'phpadmin1'@'localhost' (using password: YES) in C:\\xampp\\htdocs\\fruit_mysql.php:4\nStack trace:\n#0 C:\\xampp\\htdocs\\fruit_mysql.php(4): mysqli_connect('localhost', 'phpadmin1', Object(SensitiveParameterValue), 'goods')\n#1 {main}\n  thrown in C:\\xampp\\htdocs\\fruit_mysql.php on line 4
[Sat Nov 25 22:22:10.944342 2023] [php:error] [pid 18552:tid 1952] [client ::1:55518] PHP Fatal error:  Uncaught mysqli_sql_exception: Access denied for user 'phpadmin1'@'localhost' (using password: YES) in C:\\xampp\\htdocs\\fruit_mysql.php:4\nStack trace:\n#0 C:\\xampp\\htdocs\\fruit_mysql.php(4): mysqli_connect('localhost', 'phpadmin1', Object(SensitiveParameterValue), 'goods')\n#1 {main}\n  thrown in C:\\xampp\\htdocs\\fruit_mysql.php on line 4
[Sat Nov 25 22:22:36.488073 2023] [php:warn] [pid 18552:tid 1932] [client ::1:55522] PHP Warning:  Undefined variable $username in C:\\xampp\\htdocs\\login_index.php on line 14
[Sat Nov 25 22:22:36.488073 2023] [php:warn] [pid 18552:tid 1932] [client ::1:55522] PHP Warning:  Undefined variable $name in C:\\xampp\\htdocs\\login_index.php on line 14
[Sat Nov 25 22:22:41.953115 2023] [php:error] [pid 18552:tid 1952] [client ::1:55531] script 'C:/xampp/htdocs/check_login.php' not found or unable to stat, referer: http://localhost/login.php
[Sat Nov 25 22:23:07.438112 2023] [php:error] [pid 18552:tid 1932] [client ::1:55534] PHP Fatal error:  Uncaught mysqli_sql_exception: Access denied for user ''@'localhost' (using password: NO) in C:\\xampp\\htdocs\\check_login.php:14\nStack trace:\n#0 C:\\xampp\\htdocs\\check_login.php(14): mysqli->__construct('localhost', '', Object(SensitiveParameterValue), '')\n#1 {main}\n  thrown in C:\\xampp\\htdocs\\check_login.php on line 14, referer: http://localhost/login.php
[Sat Nov 25 22:23:59.675949 2023] [php:error] [pid 18552:tid 1952] [client ::1:55535] PHP Fatal error:  Uncaught mysqli_sql_exception: Table 'project.member' doesn't exist in C:\\xampp\\htdocs\\check_login.php:21\nStack trace:\n#0 C:\\xampp\\htdocs\\check_login.php(21): mysqli->query('SELECT * FROM m...')\n#1 {main}\n  thrown in C:\\xampp\\htdocs\\check_login.php on line 21, referer: http://localhost/login.php
[Sat Nov 25 22:24:16.978118 2023] [php:error] [pid 18552:tid 1932] [client ::1:55544] PHP Fatal error:  Uncaught mysqli_sql_exception: Unknown column 'id' in 'where clause' in C:\\xampp\\htdocs\\check_login.php:21\nStack trace:\n#0 C:\\xampp\\htdocs\\check_login.php(21): mysqli->query('SELECT * FROM u...')\n#1 {main}\n  thrown in C:\\xampp\\htdocs\\check_login.php on line 21, referer: http://localhost/login.php
[Sat Nov 25 22:29:06.653609 2023] [php:warn] [pid 18552:tid 1932] [client ::1:55592] PHP Warning:  Undefined array key "id" in C:\\xampp\\htdocs\\check_login.php on line 26, referer: http://localhost/login.php
[Sat Nov 25 22:29:06.661550 2023] [php:warn] [pid 18552:tid 1932] [client ::1:55592] PHP Warning:  Undefined array key "name" in C:\\xampp\\htdocs\\check_login.php on line 27, referer: http://localhost/login.php
[Sat Nov 25 22:30:16.910856 2023] [php:error] [pid 18552:tid 1952] [client ::1:55625] PHP Fatal error:  Uncaught Error: Object of class mysqli_result could not be converted to string in C:\\xampp\\htdocs\\check_login.php:24\nStack trace:\n#0 {main}\n  thrown in C:\\xampp\\htdocs\\check_login.php on line 24, referer: http://localhost/login.php
[Sat Nov 25 22:30:50.323756 2023] [php:warn] [pid 18552:tid 1932] [client ::1:55626] PHP Warning:  Undefined array key "id" in C:\\xampp\\htdocs\\check_login.php on line 26, referer: http://localhost/login.php
[Sat Nov 25 22:30:50.323756 2023] [php:warn] [pid 18552:tid 1932] [client ::1:55626] PHP Warning:  Undefined array key "name" in C:\\xampp\\htdocs\\check_login.php on line 27, referer: http://localhost/login.php
[Sat Nov 25 22:30:50.353621 2023] [php:warn] [pid 18552:tid 1932] [client ::1:55626] PHP Warning:  Undefined variable $username in C:\\xampp\\htdocs\\login_index.php on line 14, referer: http://localhost/check_login.php
[Sat Nov 25 22:30:50.354442 2023] [php:warn] [pid 18552:tid 1932] [client ::1:55626] PHP Warning:  Undefined variable $name in C:\\xampp\\htdocs\\login_index.php on line 14, referer: http://localhost/check_login.php
[Sat Nov 25 22:30:51.596863 2023] [php:warn] [pid 18552:tid 1932] [client ::1:55626] PHP Warning:  Undefined array key "id" in C:\\xampp\\htdocs\\check_login.php on line 26, referer: http://localhost/login.php
[Sat Nov 25 22:30:51.596863 2023] [php:warn] [pid 18552:tid 1932] [client ::1:55626] PHP Warning:  Undefined array key "name" in C:\\xampp\\htdocs\\check_login.php on line 27, referer: http://localhost/login.php
[Sat Nov 25 22:30:51.627645 2023] [php:warn] [pid 18552:tid 1932] [client ::1:55626] PHP Warning:  Undefined variable $username in C:\\xampp\\htdocs\\login_index.php on line 14, referer: http://localhost/check_login.php
[Sat Nov 25 22:30:51.628120 2023] [php:warn] [pid 18552:tid 1932] [client ::1:55626] PHP Warning:  Undefined variable $name in C:\\xampp\\htdocs\\login_index.php on line 14, referer: http://localhost/check_login.php
[Sat Nov 25 22:30:52.841929 2023] [php:warn] [pid 18552:tid 1932] [client ::1:55626] PHP Warning:  Undefined array key "id" in C:\\xampp\\htdocs\\check_login.php on line 26, referer: http://localhost/login.php
[Sat Nov 25 22:30:52.841929 2023] [php:warn] [pid 18552:tid 1932] [client ::1:55626] PHP Warning:  Undefined array key "name" in C:\\xampp\\htdocs\\check_login.php on line 27, referer: http://localhost/login.php
[Sat Nov 25 22:30:52.869059 2023] [php:warn] [pid 18552:tid 1932] [client ::1:55626] PHP Warning:  Undefined variable $username in C:\\xampp\\htdocs\\login_index.php on line 14, referer: http://localhost/check_login.php
[Sat Nov 25 22:30:52.869059 2023] [php:warn] [pid 18552:tid 1932] [client ::1:55626] PHP Warning:  Undefined variable $name in C:\\xampp\\htdocs\\login_index.php on line 14, referer: http://localhost/check_login.php
[Sat Nov 25 22:30:53.444255 2023] [php:warn] [pid 18552:tid 1932] [client ::1:55626] PHP Warning:  Undefined array key "id" in C:\\xampp\\htdocs\\check_login.php on line 26, referer: http://localhost/login.php
[Sat Nov 25 22:30:53.444255 2023] [php:warn] [pid 18552:tid 1932] [client ::1:55626] PHP Warning:  Undefined array key "name" in C:\\xampp\\htdocs\\check_login.php on line 27, referer: http://localhost/login.php
[Sat Nov 25 22:30:53.482687 2023] [php:warn] [pid 18552:tid 1932] [client ::1:55626] PHP Warning:  Undefined variable $username in C:\\xampp\\htdocs\\login_index.php on line 14, referer: http://localhost/check_login.php
[Sat Nov 25 22:30:53.482687 2023] [php:warn] [pid 18552:tid 1932] [client ::1:55626] PHP Warning:  Undefined variable $name in C:\\xampp\\htdocs\\login_index.php on line 14, referer: http://localhost/check_login.php
[Sat Nov 25 22:30:54.294676 2023] [php:warn] [pid 18552:tid 1932] [client ::1:55626] PHP Warning:  Undefined array key "id" in C:\\xampp\\htdocs\\check_login.php on line 26, referer: http://localhost/login.php
[Sat Nov 25 22:30:54.294676 2023] [php:warn] [pid 18552:tid 1932] [client ::1:55626] PHP Warning:  Undefined array key "name" in C:\\xampp\\htdocs\\check_login.php on line 27, referer: http://localhost/login.php
[Sat Nov 25 22:30:54.318731 2023] [php:warn] [pid 18552:tid 1932] [client ::1:55626] PHP Warning:  Undefined variable $username in C:\\xampp\\htdocs\\login_index.php on line 14, referer: http://localhost/check_login.php
[Sat Nov 25 22:30:54.318731 2023] [php:warn] [pid 18552:tid 1932] [client ::1:55626] PHP Warning:  Undefined variable $name in C:\\xampp\\htdocs\\login_index.php on line 14, referer: http://localhost/check_login.php
[Sat Nov 25 22:30:55.037999 2023] [php:warn] [pid 18552:tid 1932] [client ::1:55626] PHP Warning:  Undefined array key "id" in C:\\xampp\\htdocs\\check_login.php on line 26, referer: http://localhost/login.php
[Sat Nov 25 22:30:55.037999 2023] [php:warn] [pid 18552:tid 1932] [client ::1:55626] PHP Warning:  Undefined array key "name" in C:\\xampp\\htdocs\\check_login.php on line 27, referer: http://localhost/login.php
[Sat Nov 25 22:30:55.072274 2023] [php:warn] [pid 18552:tid 1932] [client ::1:55626] PHP Warning:  Undefined variable $username in C:\\xampp\\htdocs\\login_index.php on line 14, referer: http://localhost/check_login.php
[Sat Nov 25 22:30:55.073103 2023] [php:warn] [pid 18552:tid 1932] [client ::1:55626] PHP Warning:  Undefined variable $name in C:\\xampp\\htdocs\\login_index.php on line 14, referer: http://localhost/check_login.php
[Sat Nov 25 22:30:55.780588 2023] [php:warn] [pid 18552:tid 1932] [client ::1:55626] PHP Warning:  Undefined array key "id" in C:\\xampp\\htdocs\\check_login.php on line 26, referer: http://localhost/login.php
[Sat Nov 25 22:30:55.780588 2023] [php:warn] [pid 18552:tid 1932] [client ::1:55626] PHP Warning:  Undefined array key "name" in C:\\xampp\\htdocs\\check_login.php on line 27, referer: http://localhost/login.php
[Sat Nov 25 22:30:55.819797 2023] [php:warn] [pid 18552:tid 1932] [client ::1:55626] PHP Warning:  Undefined variable $username in C:\\xampp\\htdocs\\login_index.php on line 14, referer: http://localhost/check_login.php
[Sat Nov 25 22:30:55.819797 2023] [php:warn] [pid 18552:tid 1932] [client ::1:55626] PHP Warning:  Undefined variable $name in C:\\xampp\\htdocs\\login_index.php on line 14, referer: http://localhost/check_login.php
[Sat Nov 25 22:31:20.474800 2023] [php:warn] [pid 18552:tid 1952] [client ::1:55635] PHP Warning:  Undefined array key "id" in C:\\xampp\\htdocs\\check_login.php on line 26, referer: http://localhost/login.php
[Sat Nov 25 22:31:20.476867 2023] [php:warn] [pid 18552:tid 1952] [client ::1:55635] PHP Warning:  Undefined array key "name" in C:\\xampp\\htdocs\\check_login.php on line 27, referer: http://localhost/login.php
[Sat Nov 25 22:31:20.514640 2023] [php:warn] [pid 18552:tid 1952] [client ::1:55635] PHP Warning:  Undefined variable $username in C:\\xampp\\htdocs\\login_index.php on line 14, referer: http://localhost/check_login.php
[Sat Nov 25 22:31:20.516149 2023] [php:warn] [pid 18552:tid 1952] [client ::1:55635] PHP Warning:  Undefined variable $name in C:\\xampp\\htdocs\\login_index.php on line 14, referer: http://localhost/check_login.php
[Sat Nov 25 22:32:04.060300 2023] [php:warn] [pid 18552:tid 1932] [client ::1:55657] PHP Warning:  Undefined array key "id" in C:\\xampp\\htdocs\\check_login.php on line 26, referer: http://localhost/login.php
[Sat Nov 25 22:32:04.061579 2023] [php:warn] [pid 18552:tid 1932] [client ::1:55657] PHP Warning:  Undefined array key "name" in C:\\xampp\\htdocs\\check_login.php on line 27, referer: http://localhost/login.php
[Sat Nov 25 22:32:04.085558 2023] [php:warn] [pid 18552:tid 1932] [client ::1:55657] PHP Warning:  Undefined variable $username in C:\\xampp\\htdocs\\login_index.php on line 14, referer: http://localhost/check_login.php
[Sat Nov 25 22:32:04.086721 2023] [php:warn] [pid 18552:tid 1932] [client ::1:55657] PHP Warning:  Undefined variable $name in C:\\xampp\\htdocs\\login_index.php on line 14, referer: http://localhost/check_login.php
[Sat Nov 25 22:32:04.931032 2023] [php:warn] [pid 18552:tid 1932] [client ::1:55657] PHP Warning:  Undefined array key "id" in C:\\xampp\\htdocs\\check_login.php on line 26, referer: http://localhost/login.php
[Sat Nov 25 22:32:04.931032 2023] [php:warn] [pid 18552:tid 1932] [client ::1:55657] PHP Warning:  Undefined array key "name" in C:\\xampp\\htdocs\\check_login.php on line 27, referer: http://localhost/login.php
[Sat Nov 25 22:32:04.949493 2023] [php:warn] [pid 18552:tid 1932] [client ::1:55657] PHP Warning:  Undefined variable $username in C:\\xampp\\htdocs\\login_index.php on line 14, referer: http://localhost/check_login.php
[Sat Nov 25 22:32:04.949493 2023] [php:warn] [pid 18552:tid 1932] [client ::1:55657] PHP Warning:  Undefined variable $name in C:\\xampp\\htdocs\\login_index.php on line 14, referer: http://localhost/check_login.php
[Sat Nov 25 22:32:06.604149 2023] [php:warn] [pid 18552:tid 1932] [client ::1:55657] PHP Warning:  Undefined array key "id" in C:\\xampp\\htdocs\\check_login.php on line 26, referer: http://localhost/login.php
[Sat Nov 25 22:32:06.604149 2023] [php:warn] [pid 18552:tid 1932] [client ::1:55657] PHP Warning:  Undefined array key "name" in C:\\xampp\\htdocs\\check_login.php on line 27, referer: http://localhost/login.php
[Sat Nov 25 22:32:06.614799 2023] [php:warn] [pid 18552:tid 1932] [client ::1:55657] PHP Warning:  Undefined variable $username in C:\\xampp\\htdocs\\login_index.php on line 14, referer: http://localhost/check_login.php
[Sat Nov 25 22:32:06.614799 2023] [php:warn] [pid 18552:tid 1932] [client ::1:55657] PHP Warning:  Undefined variable $name in C:\\xampp\\htdocs\\login_index.php on line 14, referer: http://localhost/check_login.php
[Sat Nov 25 22:32:08.572621 2023] [php:warn] [pid 18552:tid 1932] [client ::1:55657] PHP Warning:  Undefined array key "id" in C:\\xampp\\htdocs\\check_login.php on line 26, referer: http://localhost/login.php
[Sat Nov 25 22:32:08.572621 2023] [php:warn] [pid 18552:tid 1932] [client ::1:55657] PHP Warning:  Undefined array key "name" in C:\\xampp\\htdocs\\check_login.php on line 27, referer: http://localhost/login.php
[Sat Nov 25 22:32:08.598480 2023] [php:warn] [pid 18552:tid 1932] [client ::1:55657] PHP Warning:  Undefined variable $username in C:\\xampp\\htdocs\\login_index.php on line 14, referer: http://localhost/check_login.php
[Sat Nov 25 22:32:08.598480 2023] [php:warn] [pid 18552:tid 1932] [client ::1:55657] PHP Warning:  Undefined variable $name in C:\\xampp\\htdocs\\login_index.php on line 14, referer: http://localhost/check_login.php
[Sat Nov 25 22:32:08.950072 2023] [php:warn] [pid 18552:tid 1932] [client ::1:55657] PHP Warning:  Undefined array key "id" in C:\\xampp\\htdocs\\check_login.php on line 26, referer: http://localhost/login.php
[Sat Nov 25 22:32:08.950072 2023] [php:warn] [pid 18552:tid 1932] [client ::1:55657] PHP Warning:  Undefined array key "name" in C:\\xampp\\htdocs\\check_login.php on line 27, referer: http://localhost/login.php
[Sat Nov 25 22:32:08.973591 2023] [php:warn] [pid 18552:tid 1932] [client ::1:55657] PHP Warning:  Undefined variable $username in C:\\xampp\\htdocs\\login_index.php on line 14, referer: http://localhost/check_login.php
[Sat Nov 25 22:32:08.973591 2023] [php:warn] [pid 18552:tid 1932] [client ::1:55657] PHP Warning:  Undefined variable $name in C:\\xampp\\htdocs\\login_index.php on line 14, referer: http://localhost/check_login.php
[Sat Nov 25 22:32:09.526398 2023] [php:warn] [pid 18552:tid 1932] [client ::1:55657] PHP Warning:  Undefined array key "id" in C:\\xampp\\htdocs\\check_login.php on line 26, referer: http://localhost/login.php
[Sat Nov 25 22:32:09.526398 2023] [php:warn] [pid 18552:tid 1932] [client ::1:55657] PHP Warning:  Undefined array key "name" in C:\\xampp\\htdocs\\check_login.php on line 27, referer: http://localhost/login.php
[Sat Nov 25 22:32:09.553719 2023] [php:warn] [pid 18552:tid 1932] [client ::1:55657] PHP Warning:  Undefined variable $username in C:\\xampp\\htdocs\\login_index.php on line 14, referer: http://localhost/check_login.php
[Sat Nov 25 22:32:09.553719 2023] [php:warn] [pid 18552:tid 1932] [client ::1:55657] PHP Warning:  Undefined variable $name in C:\\xampp\\htdocs\\login_index.php on line 14, referer: http://localhost/check_login.php
[Sat Nov 25 22:32:10.064598 2023] [php:warn] [pid 18552:tid 1932] [client ::1:55657] PHP Warning:  Undefined array key "id" in C:\\xampp\\htdocs\\check_login.php on line 26, referer: http://localhost/login.php
[Sat Nov 25 22:32:10.064598 2023] [php:warn] [pid 18552:tid 1932] [client ::1:55657] PHP Warning:  Undefined array key "name" in C:\\xampp\\htdocs\\check_login.php on line 27, referer: http://localhost/login.php
[Sat Nov 25 22:32:10.086104 2023] [php:warn] [pid 18552:tid 1932] [client ::1:55657] PHP Warning:  Undefined variable $username in C:\\xampp\\htdocs\\login_index.php on line 14, referer: http://localhost/check_login.php
[Sat Nov 25 22:32:10.086104 2023] [php:warn] [pid 18552:tid 1932] [client ::1:55657] PHP Warning:  Undefined variable $name in C:\\xampp\\htdocs\\login_index.php on line 14, referer: http://localhost/check_login.php
[Sat Nov 25 22:32:13.215666 2023] [php:warn] [pid 18552:tid 1932] [client ::1:55657] PHP Warning:  Undefined array key "id" in C:\\xampp\\htdocs\\check_login.php on line 26, referer: http://localhost/login.php
[Sat Nov 25 22:32:13.215666 2023] [php:warn] [pid 18552:tid 1932] [client ::1:55657] PHP Warning:  Undefined array key "name" in C:\\xampp\\htdocs\\check_login.php on line 27, referer: http://localhost/login.php
[Sat Nov 25 22:32:13.246967 2023] [php:warn] [pid 18552:tid 1932] [client ::1:55657] PHP Warning:  Undefined variable $username in C:\\xampp\\htdocs\\login_index.php on line 14, referer: http://localhost/check_login.php
[Sat Nov 25 22:32:13.246967 2023] [php:warn] [pid 18552:tid 1932] [client ::1:55657] PHP Warning:  Undefined variable $name in C:\\xampp\\htdocs\\login_index.php on line 14, referer: http://localhost/check_login.php
[Sat Nov 25 22:34:55.848153 2023] [php:error] [pid 18552:tid 1932] [client ::1:56137] PHP Fatal error:  Uncaught mysqli_sql_exception: Unknown database 'mydatabase' in C:\\xampp\\htdocs\\check_login.php:7\nStack trace:\n#0 C:\\xampp\\htdocs\\check_login.php(7): mysqli->__construct('localhost', 'root', Object(SensitiveParameterValue), 'mydatabase')\n#1 {main}\n  thrown in C:\\xampp\\htdocs\\check_login.php on line 7, referer: http://localhost/login.php
[Sat Nov 25 22:35:51.803433 2023] [php:error] [pid 18552:tid 1952] [client ::1:56139] PHP Fatal error:  Uncaught mysqli_sql_exception: Table 'project.users' doesn't exist in C:\\xampp\\htdocs\\check_login.php:18\nStack trace:\n#0 C:\\xampp\\htdocs\\check_login.php(18): mysqli->query('SELECT id FROM ...')\n#1 {main}\n  thrown in C:\\xampp\\htdocs\\check_login.php on line 18, referer: http://localhost/login.php
[Sat Nov 25 22:35:57.400874 2023] [php:error] [pid 18552:tid 1932] [client ::1:56141] PHP Fatal error:  Uncaught mysqli_sql_exception: Unknown column 'id' in 'field list' in C:\\xampp\\htdocs\\check_login.php:18\nStack trace:\n#0 C:\\xampp\\htdocs\\check_login.php(18): mysqli->query('SELECT id FROM ...')\n#1 {main}\n  thrown in C:\\xampp\\htdocs\\check_login.php on line 18, referer: http://localhost/login.php
[Sat Nov 25 22:36:37.142753 2023] [php:error] [pid 18552:tid 1952] [client ::1:56145] script 'C:/xampp/htdocs/welcome.php' not found or unable to stat, referer: http://localhost/login.php
[Sat Nov 25 22:47:58.818882 2023] [php:warn] [pid 18552:tid 1952] [client ::1:56328] PHP Warning:  include(../dbcon.php): Failed to open stream: No such file or directory in C:\\xampp\\htdocs\\login_ok.php on line 11, referer: http://localhost/login.php
[Sat Nov 25 22:47:58.818882 2023] [php:warn] [pid 18552:tid 1952] [client ::1:56328] PHP Warning:  include(): Failed opening '../dbcon.php' for inclusion (include_path='C:\\xampp\\php\\PEAR') in C:\\xampp\\htdocs\\login_ok.php on line 11, referer: http://localhost/login.php
[Sat Nov 25 22:47:58.818882 2023] [php:warn] [pid 18552:tid 1952] [client ::1:56328] PHP Warning:  Undefined variable $dbcon in C:\\xampp\\htdocs\\login_ok.php on line 18, referer: http://localhost/login.php
[Sat Nov 25 22:47:58.818882 2023] [php:error] [pid 18552:tid 1952] [client ::1:56328] PHP Fatal error:  Uncaught TypeError: mysqli_query(): Argument #1 ($mysql) must be of type mysqli, null given in C:\\xampp\\htdocs\\login_ok.php:18\nStack trace:\n#0 C:\\xampp\\htdocs\\login_ok.php(18): mysqli_query(NULL, 'select * from m...')\n#1 {main}\n  thrown in C:\\xampp\\htdocs\\login_ok.php on line 18, referer: http://localhost/login.php
[Sat Nov 25 22:48:29.797708 2023] [php:warn] [pid 18552:tid 1932] [client ::1:56329] PHP Warning:  Undefined variable $dbcon in C:\\xampp\\htdocs\\login_ok.php on line 18, referer: http://localhost/login.php
[Sat Nov 25 22:48:29.797708 2023] [php:error] [pid 18552:tid 1932] [client ::1:56329] PHP Fatal error:  Uncaught TypeError: mysqli_query(): Argument #1 ($mysql) must be of type mysqli, null given in C:\\xampp\\htdocs\\login_ok.php:18\nStack trace:\n#0 C:\\xampp\\htdocs\\login_ok.php(18): mysqli_query(NULL, 'select * from m...')\n#1 {main}\n  thrown in C:\\xampp\\htdocs\\login_ok.php on line 18, referer: http://localhost/login.php
[Sat Nov 25 22:48:55.248374 2023] [php:warn] [pid 18552:tid 1952] [client ::1:56337] PHP Warning:  Undefined variable $dbcon in C:\\xampp\\htdocs\\login_ok.php on line 18, referer: http://localhost/login.php
[Sat Nov 25 22:48:55.248374 2023] [php:error] [pid 18552:tid 1952] [client ::1:56337] PHP Fatal error:  Uncaught TypeError: mysqli_query(): Argument #1 ($mysql) must be of type mysqli, null given in C:\\xampp\\htdocs\\login_ok.php:18\nStack trace:\n#0 C:\\xampp\\htdocs\\login_ok.php(18): mysqli_query(NULL, 'select * from m...')\n#1 {main}\n  thrown in C:\\xampp\\htdocs\\login_ok.php on line 18, referer: http://localhost/login.php
[Sat Nov 25 22:48:59.920629 2023] [php:error] [pid 18552:tid 1952] [client ::1:56337] PHP Fatal error:  Uncaught mysqli_sql_exception: Table 'project.members' doesn't exist in C:\\xampp\\htdocs\\login_ok.php:18\nStack trace:\n#0 C:\\xampp\\htdocs\\login_ok.php(18): mysqli_query(Object(mysqli), 'select * from m...')\n#1 {main}\n  thrown in C:\\xampp\\htdocs\\login_ok.php on line 18, referer: http://localhost/login.php
[Sat Nov 25 22:53:53.325937 2023] [php:warn] [pid 18552:tid 1952] [client ::1:56381] PHP Warning:  Undefined global variable $_SESSION in C:\\xampp\\htdocs\\welcome.php on line 2, referer: http://localhost/login_ok.php
[Sat Nov 25 22:53:53.325937 2023] [php:warn] [pid 18552:tid 1952] [client ::1:56381] PHP Warning:  Trying to access array offset on value of type null in C:\\xampp\\htdocs\\welcome.php on line 2, referer: http://localhost/login_ok.php
[Sat Nov 25 22:53:53.325937 2023] [php:warn] [pid 18552:tid 1952] [client ::1:56381] PHP Warning:  Undefined variable $grade in C:\\xampp\\htdocs\\welcome.php on line 3, referer: http://localhost/login_ok.php
[Sat Nov 25 22:54:09.029064 2023] [php:warn] [pid 18552:tid 1932] [client ::1:56380] PHP Warning:  Undefined variable $grade in C:\\xampp\\htdocs\\welcome.php on line 4, referer: http://localhost/login_ok.php
[Sat Nov 25 23:12:27.988620 2023] [php:error] [pid 18552:tid 1952] [client ::1:56579] PHP Parse error:  syntax error, unexpected variable "$conn", expecting "," or ";" in C:\\xampp\\htdocs\\welcome.php on line 32, referer: http://localhost/login_ok.php
[Sat Nov 25 23:12:45.136269 2023] [php:error] [pid 18552:tid 1932] [client ::1:56580] PHP Parse error:  syntax error, unexpected variable "$conn", expecting "," or ";" in C:\\xampp\\htdocs\\welcome.php on line 32, referer: http://localhost/login_ok.php
[Sat Nov 25 23:27:16.545375 2023] [php:warn] [pid 18552:tid 1932] [client ::1:56641] PHP Warning:  Undefined global variable $_SESSION in C:\\xampp\\htdocs\\welcome.php on line 66, referer: http://localhost/login_ok.php
[Sat Nov 25 23:27:16.545375 2023] [php:warn] [pid 18552:tid 1932] [client ::1:56641] PHP Warning:  Trying to access array offset on value of type null in C:\\xampp\\htdocs\\welcome.php on line 66, referer: http://localhost/login_ok.php
[Sat Nov 25 23:27:30.642442 2023] [php:warn] [pid 18552:tid 1952] [client ::1:56642] PHP Warning:  Trying to access array offset on value of type null in C:\\xampp\\htdocs\\welcome.php on line 68, referer: http://localhost/login_ok.php
[Sat Nov 25 23:27:59.932107 2023] [php:warn] [pid 18552:tid 1932] [client ::1:56646] PHP Warning:  Trying to access array offset on value of type null in C:\\xampp\\htdocs\\welcome.php on line 68, referer: http://localhost/login_ok.php
[Sat Nov 25 23:28:08.427461 2023] [php:warn] [pid 18552:tid 1952] [client ::1:56648] PHP Warning:  Undefined variable $dbcon in C:\\xampp\\htdocs\\login_ok.php on line 63, referer: http://localhost/login.php
[Sat Nov 25 23:28:08.427461 2023] [php:error] [pid 18552:tid 1952] [client ::1:56648] PHP Fatal error:  Uncaught TypeError: mysqli_close(): Argument #1 ($mysql) must be of type mysqli, null given in C:\\xampp\\htdocs\\login_ok.php:63\nStack trace:\n#0 C:\\xampp\\htdocs\\login_ok.php(63): mysqli_close(NULL)\n#1 {main}\n  thrown in C:\\xampp\\htdocs\\login_ok.php on line 63, referer: http://localhost/login.php
[Sat Nov 25 23:28:33.018090 2023] [php:warn] [pid 18552:tid 1932] [client ::1:56650] PHP Warning:  Trying to access array offset on value of type null in C:\\xampp\\htdocs\\welcome.php on line 68, referer: http://localhost/login_ok.php
[Sat Nov 25 23:29:00.259904 2023] [php:warn] [pid 18552:tid 1952] [client ::1:56657] PHP Warning:  Trying to access array offset on value of type null in C:\\xampp\\htdocs\\welcome.php on line 69, referer: http://localhost/login_ok.php
[Sat Nov 25 23:29:15.770516 2023] [php:warn] [pid 18552:tid 1932] [client ::1:56662] PHP Warning:  Trying to access array offset on value of type null in C:\\xampp\\htdocs\\welcome.php on line 69, referer: http://localhost/login_ok.php
[Sat Nov 25 23:29:34.054938 2023] [php:warn] [pid 18552:tid 1952] [client ::1:56666] PHP Warning:  Trying to access array offset on value of type null in C:\\xampp\\htdocs\\welcome.php on line 69, referer: http://localhost/login_ok.php
[Sat Nov 25 23:29:43.492447 2023] [php:warn] [pid 18552:tid 1932] [client ::1:56668] PHP Warning:  Trying to access array offset on value of type null in C:\\xampp\\htdocs\\welcome.php on line 69, referer: http://localhost/login_ok.php
[Sat Nov 25 23:29:51.326765 2023] [php:warn] [pid 18552:tid 1952] [client ::1:56670] PHP Warning:  Trying to access array offset on value of type null in C:\\xampp\\htdocs\\welcome.php on line 70, referer: http://localhost/login_ok.php
[Sat Nov 25 23:30:05.724194 2023] [php:warn] [pid 18552:tid 1932] [client ::1:56672] PHP Warning:  Trying to access array offset on value of type null in C:\\xampp\\htdocs\\welcome.php on line 70, referer: http://localhost/login_ok.php
[Sat Nov 25 23:30:06.262345 2023] [php:warn] [pid 18552:tid 1932] [client ::1:56672] PHP Warning:  Trying to access array offset on value of type null in C:\\xampp\\htdocs\\welcome.php on line 70, referer: http://localhost/login_ok.php
[Sat Nov 25 23:30:12.669725 2023] [php:warn] [pid 18552:tid 1952] [client ::1:56675] PHP Warning:  Trying to access array offset on value of type null in C:\\xampp\\htdocs\\welcome.php on line 70, referer: http://localhost/login_ok.php
[Sat Nov 25 23:30:13.115333 2023] [php:warn] [pid 18552:tid 1952] [client ::1:56675] PHP Warning:  Trying to access array offset on value of type null in C:\\xampp\\htdocs\\welcome.php on line 70, referer: http://localhost/login_ok.php
[Sat Nov 25 23:32:21.544537 2023] [php:warn] [pid 18552:tid 1932] [client ::1:57118] PHP Warning:  Trying to access array offset on value of type null in C:\\xampp\\htdocs\\welcome.php on line 70, referer: http://localhost/login_ok.php
[Sat Nov 25 23:32:22.220886 2023] [php:warn] [pid 18552:tid 1932] [client ::1:57118] PHP Warning:  Trying to access array offset on value of type null in C:\\xampp\\htdocs\\welcome.php on line 70, referer: http://localhost/login_ok.php
[Sat Nov 25 23:34:09.036896 2023] [php:warn] [pid 18552:tid 1932] [client ::1:57130] PHP Warning:  Uninitialized string offset 1 in C:\\xampp\\htdocs\\welcome.php on line 67, referer: http://localhost/login_ok.php
[Sat Nov 25 23:34:09.036896 2023] [php:warn] [pid 18552:tid 1932] [client ::1:57130] PHP Warning:  Trying to access array offset on value of type null in C:\\xampp\\htdocs\\welcome.php on line 70, referer: http://localhost/login_ok.php
[Sat Nov 25 23:34:17.405143 2023] [php:error] [pid 18552:tid 1952] [client ::1:57129] PHP Parse error:  syntax error, unexpected token ":", expecting "]" in C:\\xampp\\htdocs\\welcome.php on line 67, referer: http://localhost/login_ok.php
[Sat Nov 25 23:34:20.701127 2023] [php:error] [pid 18552:tid 1952] [client ::1:57129] PHP Fatal error:  Cannot use [] for reading in C:\\xampp\\htdocs\\welcome.php on line 67, referer: http://localhost/login_ok.php
[Sat Nov 25 23:34:26.972753 2023] [php:warn] [pid 18552:tid 1932] [client ::1:57144] PHP Warning:  Trying to access array offset on value of type null in C:\\xampp\\htdocs\\welcome.php on line 70, referer: http://localhost/login_ok.php
[Sat Nov 25 23:35:27.361515 2023] [php:warn] [pid 18552:tid 1932] [client ::1:57195] PHP Warning:  Trying to access array offset on value of type null in C:\\xampp\\htdocs\\welcome.php on line 70, referer: http://localhost/login_ok.php
[Sat Nov 25 23:35:37.228793 2023] [php:warn] [pid 18552:tid 1952] [client ::1:57194] PHP Warning:  Trying to access array offset on value of type null in C:\\xampp\\htdocs\\welcome.php on line 70, referer: http://localhost/login_ok.php
[Sat Nov 25 23:35:37.671489 2023] [php:warn] [pid 18552:tid 1952] [client ::1:57194] PHP Warning:  Trying to access array offset on value of type null in C:\\xampp\\htdocs\\welcome.php on line 70, referer: http://localhost/login_ok.php
[Sat Nov 25 23:42:47.702532 2023] [php:warn] [pid 18552:tid 1952] [client ::1:57265] PHP Warning:  Undefined array key "permission" in C:\\xampp\\htdocs\\welcome.php on line 66, referer: http://localhost/login_ok.php
[Sat Nov 25 23:42:50.532848 2023] [php:warn] [pid 18552:tid 1952] [client ::1:57265] PHP Warning:  Undefined array key "permission" in C:\\xampp\\htdocs\\welcome.php on line 66, referer: http://localhost/login_ok.php
[Sat Nov 25 23:42:51.315384 2023] [php:warn] [pid 18552:tid 1952] [client ::1:57265] PHP Warning:  Undefined array key "permission" in C:\\xampp\\htdocs\\welcome.php on line 66, referer: http://localhost/login_ok.php
[Sat Nov 25 23:43:09.440453 2023] [php:warn] [pid 18552:tid 1932] [client ::1:57286] PHP Warning:  Undefined array key "permission" in C:\\xampp\\htdocs\\welcome.php on line 66, referer: http://localhost/login_ok.php
[Sat Nov 25 23:43:10.658276 2023] [php:warn] [pid 18552:tid 1932] [client ::1:57286] PHP Warning:  Undefined array key "permission" in C:\\xampp\\htdocs\\welcome.php on line 66, referer: http://localhost/login_ok.php
[Sat Nov 25 23:48:55.560065 2023] [php:error] [pid 18552:tid 1952] [client ::1:57331] PHP Parse error:  syntax error, unexpected token "else", expecting end of file in C:\\xampp\\htdocs\\welcome.php on line 9, referer: http://localhost/login_ok.php
[Sat Nov 25 23:49:18.511268 2023] [php:error] [pid 18552:tid 1932] [client ::1:57332] PHP Parse error:  syntax error, unexpected token "else", expecting end of file in C:\\xampp\\htdocs\\welcome.php on line 9, referer: http://localhost/login_ok.php
[Sat Nov 25 23:49:41.072730 2023] [php:notice] [pid 18552:tid 1952] [client ::1:57337] PHP Notice:  session_start(): Ignoring session_start() because a session is already active in C:\\xampp\\htdocs\\welcome.php on line 81, referer: http://localhost/login_ok.php
[Sat Nov 25 23:50:47.824481 2023] [php:notice] [pid 18552:tid 1932] [client ::1:57345] PHP Notice:  session_start(): Ignoring session_start() because a session is already active in C:\\xampp\\htdocs\\welcome.php on line 81, referer: http://localhost/login_ok.php
[Sat Nov 25 23:53:23.175058 2023] [php:error] [pid 18552:tid 1932] [client ::1:57417] PHP Parse error:  syntax error, unexpected token "}", expecting "," or ";" in C:\\xampp\\htdocs\\welcome.php on line 93, referer: http://localhost/logout.php
[Sat Nov 25 23:53:32.211279 2023] [php:notice] [pid 18552:tid 1952] [client ::1:57418] PHP Notice:  session_start(): Ignoring session_start() because a session is already active in C:\\xampp\\htdocs\\welcome.php on line 81, referer: http://localhost/login_ok.php
[Sun Nov 26 00:01:23.182152 2023] [php:error] [pid 18552:tid 1932] [client ::1:57674] script 'C:/xampp/htdocs/join.php' not found or unable to stat, referer: http://localhost/welcome.php
[Sun Nov 26 00:17:33.889794 2023] [php:error] [pid 18552:tid 1932] [client ::1:58549] PHP Fatal error:  Uncaught mysqli_sql_exception: Unknown column 'point' in 'field list' in C:\\xampp\\htdocs\\register.php:18\nStack trace:\n#0 C:\\xampp\\htdocs\\register.php(18): mysqli->query('INSERT INTO use...')\n#1 {main}\n  thrown in C:\\xampp\\htdocs\\register.php on line 18, referer: http://localhost/join.php
[Sun Nov 26 00:22:22.765958 2023] [php:error] [pid 18552:tid 1952] [client ::1:58726] PHP Parse error:  syntax error, unexpected token "else" in C:\\xampp\\htdocs\\register.php on line 24, referer: http://localhost/join.php
[Sun Nov 26 00:22:38.933251 2023] [php:warn] [pid 18552:tid 1932] [client ::1:58733] PHP Warning:  Undefined variable $username in C:\\xampp\\htdocs\\register.php on line 17, referer: http://localhost/join.php
[Sun Nov 26 00:22:38.933251 2023] [php:error] [pid 18552:tid 1932] [client ::1:58733] PHP Fatal error:  Uncaught mysqli_sql_exception: Table 'project.users' doesn't exist in C:\\xampp\\htdocs\\register.php:18\nStack trace:\n#0 C:\\xampp\\htdocs\\register.php(18): mysqli->query('SELECT * FROM u...')\n#1 {main}\n  thrown in C:\\xampp\\htdocs\\register.php on line 18, referer: http://localhost/join.php
[Sun Nov 26 00:23:01.889592 2023] [php:error] [pid 18552:tid 1952] [client ::1:58749] PHP Fatal error:  Uncaught mysqli_sql_exception: Table 'project.users' doesn't exist in C:\\xampp\\htdocs\\register.php:18\nStack trace:\n#0 C:\\xampp\\htdocs\\register.php(18): mysqli->query('SELECT * FROM u...')\n#1 {main}\n  thrown in C:\\xampp\\htdocs\\register.php on line 18, referer: http://localhost/join.php
[Sun Nov 26 00:26:28.947595 2023] [php:warn] [pid 18552:tid 1932] [client ::1:58863] PHP Warning:  Undefined variable $page in C:\\xampp\\htdocs\\read.php on line 106
[Sun Nov 26 00:26:28.954560 2023] [php:warn] [pid 18552:tid 1932] [client ::1:58863] PHP Warning:  Undefined variable $page in C:\\xampp\\htdocs\\read.php on line 108
