2023-11-21 14:53:16 0 [Note] Starting MariaDB 10.4.28-MariaDB source revision c8f2e9a5c0ac5905f28b050b7df5a9ffd914b7e7 as process 20940
2023-11-21 14:53:16 0 [Note] InnoDB: Mutexes and rw_locks use Windows interlocked functions
2023-11-21 14:53:16 0 [Note] InnoDB: Uses event mutexes
2023-11-21 14:53:16 0 [Note] InnoDB: Compressed tables use zlib 1.2.12
2023-11-21 14:53:16 0 [Note] InnoDB: Number of pools: 1
2023-11-21 14:53:16 0 [Note] InnoDB: Using SSE2 crc32 instructions
2023-11-21 14:53:16 0 [Note] InnoDB: Initializing buffer pool, total size = 16M, instances = 1, chunk size = 16M
2023-11-21 14:53:16 0 [Note] InnoDB: Completed initialization of buffer pool
2023-11-21 14:53:16 0 [Note] InnoDB: Starting crash recovery from checkpoint LSN=300288
2023-11-21 14:53:16 0 [Note] InnoDB: 128 out of 128 rollback segments are active.
2023-11-21 14:53:16 0 [Note] InnoDB: Removed temporary tablespace data file: "ibtmp1"
2023-11-21 14:53:16 0 [Note] InnoDB: Creating shared tablespace for temporary tables
2023-11-21 14:53:16 0 [Note] InnoDB: Setting file 'C:\xampp\mysql\data\ibtmp1' size to 12 MB. Physically writing the file full; Please wait ...
2023-11-21 14:53:16 0 [Note] InnoDB: File 'C:\xampp\mysql\data\ibtmp1' size is now 12 MB.
2023-11-21 14:53:16 0 [Note] InnoDB: Waiting for purge to start
2023-11-21 14:53:16 0 [Note] InnoDB: 10.4.28 started; log sequence number 300297; transaction id 170
2023-11-21 14:53:16 0 [Note] InnoDB: Loading buffer pool(s) from C:\xampp\mysql\data\ib_buffer_pool
2023-11-21 14:53:16 0 [Note] Plugin 'FEEDBACK' is disabled.
2023-11-21 14:53:16 0 [Note] Server socket created on IP: '::'.
2023-11-21 15:24:57 0 [Note] Starting MariaDB 10.4.28-MariaDB source revision c8f2e9a5c0ac5905f28b050b7df5a9ffd914b7e7 as process 412
2023-11-21 15:24:57 0 [Note] InnoDB: Mutexes and rw_locks use Windows interlocked functions
2023-11-21 15:24:57 0 [Note] InnoDB: Uses event mutexes
2023-11-21 15:24:57 0 [Note] InnoDB: Compressed tables use zlib 1.2.12
2023-11-21 15:24:57 0 [Note] InnoDB: Number of pools: 1
2023-11-21 15:24:57 0 [Note] InnoDB: Using SSE2 crc32 instructions
2023-11-21 15:24:57 0 [Note] InnoDB: Initializing buffer pool, total size = 16M, instances = 1, chunk size = 16M
2023-11-21 15:24:57 0 [Note] InnoDB: Completed initialization of buffer pool
2023-11-21 15:24:57 0 [Note] InnoDB: Starting crash recovery from checkpoint LSN=304613
2023-11-21 15:24:57 0 [Note] InnoDB: 128 out of 128 rollback segments are active.
2023-11-21 15:24:57 0 [Note] InnoDB: Removed temporary tablespace data file: "ibtmp1"
2023-11-21 15:24:57 0 [Note] InnoDB: Creating shared tablespace for temporary tables
2023-11-21 15:24:57 0 [Note] InnoDB: Setting file 'C:\xampp\mysql\data\ibtmp1' size to 12 MB. Physically writing the file full; Please wait ...
2023-11-21 15:24:57 0 [Note] InnoDB: File 'C:\xampp\mysql\data\ibtmp1' size is now 12 MB.
2023-11-21 15:24:57 0 [Note] InnoDB: Waiting for purge to start
2023-11-21 15:24:57 0 [Note] InnoDB: 10.4.28 started; log sequence number 304622; transaction id 197
2023-11-21 15:24:57 0 [Note] InnoDB: Loading buffer pool(s) from C:\xampp\mysql\data\ib_buffer_pool
2023-11-21 15:24:57 0 [Note] Plugin 'FEEDBACK' is disabled.
2023-11-21 15:24:57 0 [Note] Server socket created on IP: '::'.
2023-11-23 13:58:46 0 [Note] Starting MariaDB 10.4.28-MariaDB source revision c8f2e9a5c0ac5905f28b050b7df5a9ffd914b7e7 as process 12228
2023-11-23 13:58:46 0 [Note] InnoDB: Mutexes and rw_locks use Windows interlocked functions
2023-11-23 13:58:46 0 [Note] InnoDB: Uses event mutexes
2023-11-23 13:58:46 0 [Note] InnoDB: Compressed tables use zlib 1.2.12
2023-11-23 13:58:46 0 [Note] InnoDB: Number of pools: 1
2023-11-23 13:58:46 0 [Note] InnoDB: Using SSE2 crc32 instructions
2023-11-23 13:58:46 0 [Note] InnoDB: Initializing buffer pool, total size = 16M, instances = 1, chunk size = 16M
2023-11-23 13:58:46 0 [Note] InnoDB: Completed initialization of buffer pool
2023-11-23 13:58:46 0 [Note] InnoDB: Starting crash recovery from checkpoint LSN=304901
2023-11-23 13:58:46 0 [Note] InnoDB: 128 out of 128 rollback segments are active.
2023-11-23 13:58:46 0 [Note] InnoDB: Removed temporary tablespace data file: "ibtmp1"
2023-11-23 13:58:46 0 [Note] InnoDB: Creating shared tablespace for temporary tables
2023-11-23 13:58:46 0 [Note] InnoDB: Setting file 'C:\xampp\mysql\data\ibtmp1' size to 12 MB. Physically writing the file full; Please wait ...
2023-11-23 13:58:46 0 [Note] InnoDB: File 'C:\xampp\mysql\data\ibtmp1' size is now 12 MB.
2023-11-23 13:58:46 0 [Note] InnoDB: Waiting for purge to start
2023-11-23 13:58:46 0 [Note] InnoDB: 10.4.28 started; log sequence number 304948; transaction id 220
2023-11-23 13:58:46 0 [Note] InnoDB: Loading buffer pool(s) from C:\xampp\mysql\data\ib_buffer_pool
2023-11-23 13:58:46 0 [Note] Plugin 'FEEDBACK' is disabled.
2023-11-23 13:58:46 0 [Note] InnoDB: Buffer pool(s) load completed at 231123 13:58:46
2023-11-23 13:58:46 0 [Note] Server socket created on IP: '::'.
2023-11-23 13:58:46 0 [ERROR] Can't start server: Bind on TCP/IP port. Got error: 10048: 각 소켓 주소(프로토콜/네트워크 주소/포트)는 하나만 사용할 수 있습니다.

2023-11-23 13:58:46 0 [ERROR] Do you already have another mysqld server running on port: 3306 ?
2023-11-23 13:58:46 0 [ERROR] Aborting
2023-11-23 13:58:52 0 [Note] Starting MariaDB 10.4.28-MariaDB source revision c8f2e9a5c0ac5905f28b050b7df5a9ffd914b7e7 as process 24376
2023-11-23 13:58:52 0 [Note] InnoDB: Mutexes and rw_locks use Windows interlocked functions
2023-11-23 13:58:52 0 [Note] InnoDB: Uses event mutexes
2023-11-23 13:58:52 0 [Note] InnoDB: Compressed tables use zlib 1.2.12
2023-11-23 13:58:52 0 [Note] InnoDB: Number of pools: 1
2023-11-23 13:58:52 0 [Note] InnoDB: Using SSE2 crc32 instructions
2023-11-23 13:58:52 0 [Note] InnoDB: Initializing buffer pool, total size = 16M, instances = 1, chunk size = 16M
2023-11-23 13:58:52 0 [Note] InnoDB: Completed initialization of buffer pool
2023-11-23 13:58:52 0 [Note] InnoDB: 128 out of 128 rollback segments are active.
2023-11-23 13:58:52 0 [Note] InnoDB: Creating shared tablespace for temporary tables
2023-11-23 13:58:52 0 [Note] InnoDB: Setting file 'C:\xampp\mysql\data\ibtmp1' size to 12 MB. Physically writing the file full; Please wait ...
2023-11-23 13:58:52 0 [Note] InnoDB: File 'C:\xampp\mysql\data\ibtmp1' size is now 12 MB.
2023-11-23 13:58:52 0 [Note] InnoDB: Waiting for purge to start
2023-11-23 13:58:52 0 [Note] InnoDB: 10.4.28 started; log sequence number 305042; transaction id 220
2023-11-23 13:58:52 0 [Note] InnoDB: Loading buffer pool(s) from C:\xampp\mysql\data\ib_buffer_pool
2023-11-23 13:58:52 0 [Note] Plugin 'FEEDBACK' is disabled.
2023-11-23 13:58:52 0 [Note] Server socket created on IP: '::'.
2023-11-23 13:58:52 0 [ERROR] Can't start server: Bind on TCP/IP port. Got error: 10048: 각 소켓 주소(프로토콜/네트워크 주소/포트)는 하나만 사용할 수 있습니다.

2023-11-23 13:58:52 0 [ERROR] Do you already have another mysqld server running on port: 3306 ?
2023-11-23 13:58:52 0 [ERROR] Aborting
2023-11-23 13:59:33 0 [Note] Starting MariaDB 10.4.28-MariaDB source revision c8f2e9a5c0ac5905f28b050b7df5a9ffd914b7e7 as process 12944
2023-11-23 13:59:33 0 [Note] InnoDB: Mutexes and rw_locks use Windows interlocked functions
2023-11-23 13:59:33 0 [Note] InnoDB: Uses event mutexes
2023-11-23 13:59:33 0 [Note] InnoDB: Compressed tables use zlib 1.2.12
2023-11-23 13:59:33 0 [Note] InnoDB: Number of pools: 1
2023-11-23 13:59:33 0 [Note] InnoDB: Using SSE2 crc32 instructions
2023-11-23 13:59:33 0 [Note] InnoDB: Initializing buffer pool, total size = 16M, instances = 1, chunk size = 16M
2023-11-23 13:59:33 0 [Note] InnoDB: Completed initialization of buffer pool
2023-11-23 13:59:34 0 [Note] InnoDB: 128 out of 128 rollback segments are active.
2023-11-23 13:59:34 0 [Note] InnoDB: Creating shared tablespace for temporary tables
2023-11-23 13:59:34 0 [Note] InnoDB: Setting file 'C:\xampp\mysql\data\ibtmp1' size to 12 MB. Physically writing the file full; Please wait ...
2023-11-23 13:59:34 0 [Note] InnoDB: File 'C:\xampp\mysql\data\ibtmp1' size is now 12 MB.
2023-11-23 13:59:34 0 [Note] InnoDB: Waiting for purge to start
2023-11-23 13:59:34 0 [Note] InnoDB: 10.4.28 started; log sequence number 305051; transaction id 220
2023-11-23 13:59:34 0 [Note] InnoDB: Loading buffer pool(s) from C:\xampp\mysql\data\ib_buffer_pool
2023-11-23 13:59:34 0 [Note] Plugin 'FEEDBACK' is disabled.
2023-11-23 13:59:34 0 [Note] Server socket created on IP: '::'.
2023-11-24 15:26:26 0 [Note] Starting MariaDB 10.4.28-MariaDB source revision c8f2e9a5c0ac5905f28b050b7df5a9ffd914b7e7 as process 28224
2023-11-24 15:26:26 0 [Note] mysqld.exe: Aria engine: starting recovery
recovered pages: 0% 25% 35% 100% (0.0 seconds); tables to flush: 1 0
 (0.0 seconds); 
2023-11-24 15:26:26 0 [Note] mysqld.exe: Aria engine: recovery done
2023-11-24 15:26:26 0 [Note] InnoDB: Mutexes and rw_locks use Windows interlocked functions
2023-11-24 15:26:26 0 [Note] InnoDB: Uses event mutexes
2023-11-24 15:26:26 0 [Note] InnoDB: Compressed tables use zlib 1.2.12
2023-11-24 15:26:26 0 [Note] InnoDB: Number of pools: 1
2023-11-24 15:26:26 0 [Note] InnoDB: Using SSE2 crc32 instructions
2023-11-24 15:26:26 0 [Note] InnoDB: Initializing buffer pool, total size = 16M, instances = 1, chunk size = 16M
2023-11-24 15:26:26 0 [Note] InnoDB: Completed initialization of buffer pool
2023-11-24 15:26:26 0 [Note] InnoDB: Starting crash recovery from checkpoint LSN=321179
2023-11-24 15:26:26 0 [Note] InnoDB: 128 out of 128 rollback segments are active.
2023-11-24 15:26:26 0 [Note] InnoDB: Removed temporary tablespace data file: "ibtmp1"
2023-11-24 15:26:26 0 [Note] InnoDB: Creating shared tablespace for temporary tables
2023-11-24 15:26:26 0 [Note] InnoDB: Setting file 'C:\xampp\mysql\data\ibtmp1' size to 12 MB. Physically writing the file full; Please wait ...
2023-11-24 15:26:26 0 [Note] InnoDB: File 'C:\xampp\mysql\data\ibtmp1' size is now 12 MB.
2023-11-24 15:26:26 0 [Note] InnoDB: Waiting for purge to start
2023-11-24 15:26:26 0 [Note] InnoDB: 10.4.28 started; log sequence number 321188; transaction id 318
2023-11-24 15:26:26 0 [Note] InnoDB: Loading buffer pool(s) from C:\xampp\mysql\data\ib_buffer_pool
2023-11-24 15:26:26 0 [Note] Plugin 'FEEDBACK' is disabled.
2023-11-24 15:26:26 0 [Note] InnoDB: Buffer pool(s) load completed at 231124 15:26:26
2023-11-24 15:26:26 0 [Note] Server socket created on IP: '::'.
